<?xml version="1.0" encoding="UTF-8"?>
<testng-results skipped="0" failed="0" ignored="0" total="1" passed="1">
  <reporter-output>
    <line>
      <![CDATA[Helloooooooo]]>
    </line>
    <line>
      <![CDATA[Element is visible]]>
    </line>
    <line>
      <![CDATA[Test:testA is pass ]]>
    </line>
    <line>
      <![CDATA[TestName:testA Status:PASS]]>
    </line>
  </reporter-output>
  <suite name="Suite" duration-ms="11589" started-at="2018-10-26T07:56:36Z" finished-at="2018-10-26T07:56:47Z">
    <groups>
      <group name="smoke">
        <method signature="OrangeTC1.testA()[pri:1, instance:Script.OrangeTC1@1afa04c]" name="testA" class="Script.OrangeTC1"/>
      </group> <!-- smoke -->
    </groups>
    <test name="Test" duration-ms="11589" started-at="2018-10-26T07:56:36Z" finished-at="2018-10-26T07:56:47Z">
      <class name="Script.OrangeTC1">
        <test-method status="PASS" signature="openApp(java.lang.String, java.lang.String)[pri:0, instance:Script.OrangeTC1@1afa04c]" name="openApp" is-config="true" duration-ms="5758" started-at="2018-10-26T07:56:36Z" finished-at="2018-10-26T07:56:42Z">
          <params>
            <param index="0">
              <value>
                <![CDATA[192.168.43.38]]>
              </value>
            </param>
            <param index="1">
              <value>
                <![CDATA[chrome]]>
              </value>
            </param>
          </params>
          <reporter-output>
          </reporter-output>
        </test-method> <!-- openApp -->
        <test-method status="PASS" signature="testA()[pri:1, instance:Script.OrangeTC1@1afa04c]" name="testA" duration-ms="4917" started-at="2018-10-26T07:56:42Z" finished-at="2018-10-26T07:56:47Z">
          <reporter-output>
            <line>
              <![CDATA[Helloooooooo]]>
            </line>
            <line>
              <![CDATA[Element is visible]]>
            </line>
            <line>
              <![CDATA[Test:testA is pass ]]>
            </line>
          </reporter-output>
        </test-method> <!-- testA -->
        <test-method status="PASS" signature="closeApp(org.testng.ITestResult)[pri:0, instance:Script.OrangeTC1@1afa04c]" name="closeApp" is-config="true" duration-ms="863" started-at="2018-10-26T07:56:47Z" finished-at="2018-10-26T07:56:47Z">
          <params>
            <param index="0">
              <value>
                <![CDATA[[TestResult name=testA status=SUCCESS method=OrangeTC1.testA()[pri:1, instance:Script.OrangeTC1@1afa04c] output=Helloooooooo]]]>
              </value>
            </param>
          </params>
          <reporter-output>
            <line>
              <![CDATA[TestName:testA Status:PASS]]>
            </line>
          </reporter-output>
        </test-method> <!-- closeApp -->
      </class> <!-- Script.OrangeTC1 -->
    </test> <!-- Test -->
  </suite> <!-- Suite -->
</testng-results>
